Flow report for Block1
Wed Jun 05 20:53:48 2024
Quartus II 64-Bit Version 9.1 Build 350 03/24/2010 Service Pack 2 SJ Full Version


---------------------
; Table of Contents ;
---------------------
  1. Legal Notice
  2. Flow Summary
  3. Flow Settings
  4. Flow Non-Default Global Settings
  5. Flow Elapsed Time
  6. Flow OS Summary
  7. Flow Log



----------------
; Legal Notice ;
----------------
Copyright (C) 1991-2010 Altera Corporation
Your use of Altera Corporation's design tools, logic functions 
and other software and tools, and its AMPP partner logic 
functions, and any output files from any of the foregoing 
(including device programming or simulation files), and any 
associated documentation or information are expressly subject 
to the terms and conditions of the Altera Program License 
Subscription Agreement, Altera MegaCore Function License 
Agreement, or other applicable license agreement, including, 
without limitation, that your use is for the sole purpose of 
programming logic devices manufactured by Altera and sold by 
Altera or its authorized distributors.  Please refer to the 
applicable agreement for further details.



+---------------------------------------------------------------------------+
; Flow Summary                                                              ;
+---------------------------+-----------------------------------------------+
; Flow Status               ; Successful - Wed Jun 05 20:53:48 2024         ;
; Quartus II 64-Bit Version ; 9.1 Build 350 03/24/2010 SP 2 SJ Full Version ;
; Revision Name             ; Block1                                        ;
; Top-level Entity Name     ; TEST                                          ;
; Family                    ; MAX II                                        ;
; Device                    ; EPM1270T144C5                                 ;
; Timing Models             ; Final                                         ;
; Met timing requirements   ; No                                            ;
; Total logic elements      ; 111 / 1,270 ( 9 % )                           ;
; Total pins                ; 39 / 116 ( 34 % )                             ;
; Total virtual pins        ; 0                                             ;
; UFM blocks                ; 0 / 1 ( 0 % )                                 ;
+---------------------------+-----------------------------------------------+


+-----------------------------------------+
; Flow Settings                           ;
+-------------------+---------------------+
; Option            ; Setting             ;
+-------------------+---------------------+
; Start date & time ; 06/05/2024 20:53:45 ;
; Main task         ; Compilation         ;
; Revision Name     ; Block1              ;
+-------------------+---------------------+


+-------------------------------------------------------------------------------------------------------------------------------------------------------------------------------------------------+
; Flow Non-Default Global Settings                                                                                                                                                                ;
+---------------------------------------+----------------------------------------------------------------------------------------------------------+---------------+-------------+----------------+
; Assignment Name                       ; Value                                                                                                    ; Default Value ; Entity Name ; Section Id     ;
+---------------------------------------+----------------------------------------------------------------------------------------------------------+---------------+-------------+----------------+
; COMPILER_SIGNATURE_ID                 ; 96830622038130.171759202509972                                                                           ; --            ; --          ; --             ;
; MAX_CORE_JUNCTION_TEMP                ; 85                                                                                                       ; --            ; --          ; --             ;
; MIN_CORE_JUNCTION_TEMP                ; 0                                                                                                        ; --            ; --          ; --             ;
; MISC_FILE                             ; C:/Users/Administrator/Desktop/shud/Block1.dpf                                                           ; --            ; --          ; --             ;
; MISC_FILE                             ; C:/Users/Administrator/Desktop/traffic_lights-curriculum_design-digital_electronic_technology/Block1.dpf ; --            ; --          ; --             ;
; POWER_EXT_SUPPLY_VOLTAGE_TO_REGULATOR ; 3.3V                                                                                                     ; --            ; --          ; --             ;
; TOP_LEVEL_ENTITY                      ; TEST                                                                                                     ; Block1        ; --          ; --             ;
; USE_GENERATED_PHYSICAL_CONSTRAINTS    ; Off                                                                                                      ; --            ; --          ; eda_blast_fpga ;
+---------------------------------------+----------------------------------------------------------------------------------------------------------+---------------+-------------+----------------+


+-----------------------------------------------------------------------------------------------------------------------------+
; Flow Elapsed Time                                                                                                           ;
+-------------------------+--------------+-------------------------+---------------------+------------------------------------+
; Module Name             ; Elapsed Time ; Average Processors Used ; Peak Virtual Memory ; Total CPU Time (on all processors) ;
+-------------------------+--------------+-------------------------+---------------------+------------------------------------+
; Analysis & Synthesis    ; 00:00:01     ; 1.0                     ; 4415 MB             ; 00:00:00                           ;
; Fitter                  ; 00:00:01     ; 1.0                     ; 4509 MB             ; 00:00:00                           ;
; Assembler               ; 00:00:00     ; 1.0                     ; 4365 MB             ; 00:00:00                           ;
; Classic Timing Analyzer ; 00:00:00     ; 1.0                     ; 4344 MB             ; 00:00:00                           ;
; Total                   ; 00:00:02     ; --                      ; --                  ; 00:00:00                           ;
+-------------------------+--------------+-------------------------+---------------------+------------------------------------+


+------------------------------------------------------------------------------------------+
; Flow OS Summary                                                                          ;
+-------------------------+------------------+---------------+------------+----------------+
; Module Name             ; Machine Hostname ; OS Name       ; OS Version ; Processor type ;
+-------------------------+------------------+---------------+------------+----------------+
; Analysis & Synthesis    ; WIN-1STTDFBQ1JV  ; Windows Vista ; 6.2        ; x86_64         ;
; Fitter                  ; WIN-1STTDFBQ1JV  ; Windows Vista ; 6.2        ; x86_64         ;
; Assembler               ; WIN-1STTDFBQ1JV  ; Windows Vista ; 6.2        ; x86_64         ;
; Classic Timing Analyzer ; WIN-1STTDFBQ1JV  ; Windows Vista ; 6.2        ; x86_64         ;
+-------------------------+------------------+---------------+------------+----------------+


------------
; Flow Log ;
------------
quartus_map --read_settings_files=on --write_settings_files=off Block1 -c Block1
quartus_fit --read_settings_files=off --write_settings_files=off Block1 -c Block1
quartus_asm --read_settings_files=off --write_settings_files=off Block1 -c Block1
quartus_tan --read_settings_files=off --write_settings_files=off Block1 -c Block1



